[1/4] Creating LuaState...
[2/4] Opening standard library...
[3/4] Loading source (parse + compile)...
[4/4] Executing chunk...
testing numbers and math lib
64-bit integers, 53-bit (mantissa) floats
testing order (floats cannot represent all integers)
DBG: end of fmax block (line 240)
DBG: after checkcompt block (line 295)
DBG: after f2i block (line 327)
DBG: line 331-pre
DBG: line 332
DBG: line 333
DBG: line 334
DBG: line 335
DBG: after numeric string tests (line 335)
DBG: line 343
DBG: line 357
DBG: line 361
DBG: line 364
DBG: line 368
DBG: after tonumber overflow tests (line 371)
DBG: after invalid tonumber tests (line 470)
DBG: after hex/float numerals (line 526)
DBG: after mod operator tests (line 557)
DBG  pc=4156 op=11 A=12 B=0 C=32 Bx=8192 k[Bx]=None k[C]=Some(Float(3.5))
DBG  pc=4157 op=11 A=13 B=0 C=20 Bx=5120 k[Bx]=None k[C]=Some(Str(GcRef(LuaString { bytes: [116, 121, 112, 101], is_short: true, hash: 1580762227 })))
DBG  pc=4158 op=14 A=13 B=26 C=4 Bx=1050 k[Bx]=None k[C]=Some(Str(GcRef(LuaString { bytes: [97, 114, 103], is_short: true, hash: 3653204477 })))
DBG  pc=4159 op=1 A=14 B=2 C=0 Bx=65538 k[Bx]=None k[C]=Some(Str(GcRef(LuaString { bytes: [95, 115, 111, 102, 116], is_short: true, hash: 1739415280 })))
DBG  pc=4160 op=1 A=15 B=3 C=0 Bx=65539 k[Bx]=None k[C]=Some(Str(GcRef(LuaString { bytes: [95, 115, 111, 102, 116], is_short: true, hash: 1739415280 })))
DBG  pc=4161 op=68 A=13 B=6 C=0 Bx=6 k[Bx]=Some(Str(GcRef(LuaString { bytes: [95, 86, 69, 82, 83, 73, 79, 78], is_short: true, hash: 3245539378 }))) k[C]=Some(Str(GcRef(LuaString { bytes: [95, 115, 111, 102, 116], is_short: true, hash: 1739415280 })))
DBG call_error: line=667 func_idx=StackIdx(16) top=StackIdx(19)
[err] pcall_k failed: Runtime: attempt to call a nil value
