[1/4] Creating LuaState...
[2/4] Opening standard library...
[3/4] Loading source (parse + compile)...
[4/4] Executing chunk...
testing local variables and environments
+
testing to-be-closed variables
DBG find_set_reg ENTER lastpc=642 reg=27
DBG   change at pc=28 op=Call → setreg=28
DBG   change at pc=31 op=Call → setreg=31
DBG   change at pc=34 op=Call → setreg=34
DBG   change at pc=39 op=Call → setreg=39
DBG   change at pc=45 op=Call → setreg=45
DBG   change at pc=50 op=Call → setreg=50
DBG   change at pc=56 op=Call → setreg=56
DBG   change at pc=61 op=Call → setreg=61
DBG   change at pc=69 op=Call → setreg=-1
DBG   change at pc=70 op=Call → setreg=-1
DBG   change at pc=76 op=Call → setreg=76
DBG   change at pc=84 op=Call → setreg=84
DBG   change at pc=92 op=Call → setreg=92
DBG   change at pc=98 op=Call → setreg=98
DBG   change at pc=109 op=Call → setreg=-1
DBG   change at pc=117 op=Call → setreg=117
DBG   change at pc=118 op=Call → setreg=118
DBG   change at pc=126 op=Call → setreg=126
DBG   change at pc=143 op=Call → setreg=143
DBG   change at pc=153 op=Call → setreg=153
DBG   change at pc=156 op=Call → setreg=156
DBG   change at pc=160 op=Call → setreg=160
DBG   change at pc=166 op=Call → setreg=166
DBG   change at pc=172 op=Call → setreg=172
DBG   change at pc=173 op=Call → setreg=173
DBG   change at pc=179 op=Call → setreg=179
DBG   change at pc=187 op=Call → setreg=187
DBG   change at pc=191 op=Call → setreg=191
DBG   change at pc=196 op=Call → setreg=196
DBG   change at pc=204 op=Call → setreg=204
DBG   change at pc=206 op=Call → setreg=206
DBG   change at pc=213 op=Call → setreg=213
DBG   change at pc=230 op=Call → setreg=230
DBG   change at pc=232 op=Call → setreg=232
DBG   change at pc=233 op=Call → setreg=233
DBG   change at pc=234 op=Call → setreg=234
DBG   change at pc=244 op=Call → setreg=244
DBG   change at pc=246 op=Call → setreg=246
DBG   change at pc=247 op=Call → setreg=247
DBG   change at pc=248 op=Call → setreg=248
DBG   change at pc=258 op=Call → setreg=258
DBG   change at pc=260 op=Call → setreg=260
DBG   change at pc=261 op=Call → setreg=261
DBG   change at pc=262 op=Call → setreg=262
DBG   change at pc=274 op=Call → setreg=274
DBG   change at pc=278 op=Call → setreg=278
DBG   change at pc=283 op=Call → setreg=-1
DBG   change at pc=299 op=Call → setreg=-1
DBG   change at pc=302 op=Call → setreg=-1
DBG   change at pc=306 op=TForCall → setreg=-1
DBG   change at pc=310 op=Call → setreg=-1
DBG   change at pc=320 op=Call → setreg=-1
DBG   change at pc=327 op=Call → setreg=-1
DBG   change at pc=336 op=Call → setreg=-1
DBG   change at pc=349 op=Call → setreg=-1
DBG   change at pc=352 op=Call → setreg=-1
DBG   change at pc=355 op=Call → setreg=-1
DBG   change at pc=359 op=Call → setreg=-1
DBG   change at pc=371 op=TForCall → setreg=-1
DBG   change at pc=381 op=Call → setreg=-1
DBG   change at pc=392 op=Call → setreg=392
DBG   change at pc=397 op=Call → setreg=397
DBG   change at pc=404 op=Call → setreg=404
DBG   change at pc=419 op=Call → setreg=419
DBG   change at pc=424 op=Call → setreg=424
DBG   change at pc=427 op=Call → setreg=427
DBG   change at pc=440 op=Call → setreg=440
DBG   change at pc=444 op=Call → setreg=444
DBG   change at pc=452 op=Call → setreg=452
DBG   change at pc=471 op=Call → setreg=471
DBG   change at pc=481 op=Call → setreg=481
DBG   change at pc=487 op=Call → setreg=487
DBG   change at pc=506 op=Call → setreg=506
DBG   change at pc=511 op=Call → setreg=511
DBG   change at pc=515 op=Call → setreg=515
DBG   change at pc=519 op=Call → setreg=519
DBG   change at pc=523 op=Call → setreg=523
DBG   change at pc=527 op=Call → setreg=527
DBG   change at pc=531 op=Call → setreg=531
DBG   change at pc=535 op=Call → setreg=535
DBG   change at pc=538 op=Call → setreg=538
DBG   change at pc=554 op=Call → setreg=554
DBG   change at pc=560 op=Call → setreg=560
DBG   change at pc=565 op=LoadI → setreg=565
DBG   change at pc=568 op=LoadK → setreg=568
DBG   change at pc=575 op=LFalseSkip → setreg=-1
DBG   change at pc=576 op=LoadTrue → setreg=576
DBG   change at pc=577 op=Call → setreg=577
DBG   change at pc=604 op=Call → setreg=604
DBG   change at pc=610 op=Call → setreg=610
DBG   change at pc=616 op=Call → setreg=616
DBG   change at pc=621 op=Call → setreg=621
DBG   change at pc=623 op=LoadK → setreg=623
DBG   change at pc=626 op=LoadFalse → setreg=-1
DBG   change at pc=631 op=LoadTrue → setreg=-1
DBG   change at pc=634 op=LFalseSkip → setreg=-1
DBG   change at pc=635 op=LoadTrue → setreg=635
DBG   change at pc=636 op=Call → setreg=636
DBG   change at pc=641 op=Move → setreg=641
DBG find_set_reg EXIT setreg=641 effective_lastpc=642
DBG find_set_reg ENTER lastpc=641 reg=22
DBG   change at pc=28 op=Call → setreg=28
DBG   change at pc=31 op=Call → setreg=31
DBG   change at pc=34 op=Call → setreg=34
DBG   change at pc=39 op=Call → setreg=39
DBG   change at pc=45 op=Call → setreg=45
DBG   change at pc=50 op=Call → setreg=50
DBG   change at pc=56 op=Call → setreg=56
DBG   change at pc=61 op=Call → setreg=61
DBG   change at pc=69 op=Call → setreg=-1
DBG   change at pc=70 op=Call → setreg=-1
DBG   change at pc=76 op=Call → setreg=76
DBG   change at pc=84 op=Call → setreg=84
DBG   change at pc=92 op=Call → setreg=92
DBG   change at pc=98 op=Call → setreg=98
DBG   change at pc=109 op=Call → setreg=-1
DBG   change at pc=117 op=Call → setreg=117
DBG   change at pc=118 op=Call → setreg=118
DBG   change at pc=126 op=Call → setreg=126
DBG   change at pc=143 op=Call → setreg=143
DBG   change at pc=153 op=Call → setreg=153
DBG   change at pc=156 op=Call → setreg=156
DBG   change at pc=160 op=Call → setreg=160
DBG   change at pc=166 op=Call → setreg=166
DBG   change at pc=172 op=Call → setreg=172
DBG   change at pc=173 op=Call → setreg=173
DBG   change at pc=179 op=Call → setreg=179
DBG   change at pc=187 op=Call → setreg=187
DBG   change at pc=191 op=Call → setreg=191
DBG   change at pc=196 op=Call → setreg=196
DBG   change at pc=204 op=Call → setreg=204
DBG   change at pc=206 op=Call → setreg=206
DBG   change at pc=213 op=Call → setreg=213
DBG   change at pc=226 op=Move → setreg=226
DBG   change at pc=230 op=Call → setreg=230
DBG   change at pc=232 op=Call → setreg=232
DBG   change at pc=233 op=Call → setreg=233
DBG   change at pc=234 op=Call → setreg=234
DBG   change at pc=240 op=Unm → setreg=240
DBG   change at pc=244 op=Call → setreg=244
DBG   change at pc=246 op=Call → setreg=246
DBG   change at pc=247 op=Call → setreg=247
DBG   change at pc=248 op=Call → setreg=248
DBG   change at pc=254 op=Unm → setreg=254
DBG   change at pc=258 op=Call → setreg=258
DBG   change at pc=260 op=Call → setreg=260
DBG   change at pc=261 op=Call → setreg=261
DBG   change at pc=262 op=Call → setreg=262
DBG   change at pc=274 op=Call → setreg=274
DBG   change at pc=278 op=Call → setreg=278
DBG   change at pc=283 op=Call → setreg=-1
DBG   change at pc=299 op=Call → setreg=-1
DBG   change at pc=302 op=Call → setreg=-1
DBG   change at pc=306 op=TForCall → setreg=-1
DBG   change at pc=310 op=Call → setreg=-1
DBG   change at pc=320 op=Call → setreg=-1
DBG   change at pc=327 op=Call → setreg=-1
DBG   change at pc=336 op=Call → setreg=-1
DBG   change at pc=349 op=Call → setreg=-1
DBG   change at pc=352 op=Call → setreg=-1
DBG   change at pc=353 op=GetTabUp → setreg=-1
DBG   change at pc=354 op=GetField → setreg=-1
DBG   change at pc=355 op=Call → setreg=-1
DBG   change at pc=356 op=LoadI → setreg=-1
DBG   change at pc=369 op=Add → setreg=-1
DBG   change at pc=392 op=Call → setreg=392
DBG   change at pc=397 op=Call → setreg=397
DBG   change at pc=404 op=Call → setreg=404
DBG   change at pc=419 op=Call → setreg=419
DBG   change at pc=424 op=Call → setreg=424
DBG   change at pc=427 op=Call → setreg=427
DBG   change at pc=440 op=Call → setreg=440
DBG   change at pc=444 op=Call → setreg=444
DBG   change at pc=452 op=Call → setreg=452
DBG   change at pc=471 op=Call → setreg=471
DBG   change at pc=481 op=Call → setreg=481
DBG   change at pc=487 op=Call → setreg=487
DBG   change at pc=506 op=Call → setreg=506
DBG   change at pc=509 op=LoadK → setreg=509
DBG   change at pc=511 op=Call → setreg=511
DBG   change at pc=513 op=LoadK → setreg=513
DBG   change at pc=515 op=Call → setreg=515
DBG   change at pc=517 op=LoadK → setreg=517
DBG   change at pc=519 op=Call → setreg=519
DBG   change at pc=521 op=LoadK → setreg=521
DBG   change at pc=523 op=Call → setreg=523
DBG   change at pc=525 op=LoadK → setreg=525
DBG   change at pc=527 op=Call → setreg=527
DBG   change at pc=529 op=LoadK → setreg=529
DBG   change at pc=531 op=Call → setreg=531
DBG   change at pc=533 op=LoadK → setreg=533
DBG   change at pc=535 op=Call → setreg=535
DBG   change at pc=538 op=Call → setreg=538
DBG   change at pc=546 op=NewTable → setreg=546
DBG   change at pc=554 op=Call → setreg=554
DBG   change at pc=556 op=Move → setreg=556
DBG   change at pc=560 op=Call → setreg=560
DBG   change at pc=587 op=LoadK → setreg=587
DBG   change at pc=591 op=LoadK → setreg=-1
DBG   change at pc=595 op=LoadK → setreg=-1
DBG   change at pc=599 op=LoadK → setreg=-1
DBG   change at pc=604 op=Call → setreg=604
DBG   change at pc=609 op=LoadI → setreg=609
DBG   change at pc=610 op=Call → setreg=610
DBG   change at pc=611 op=GetField → setreg=611
DBG   change at pc=616 op=Call → setreg=616
DBG   change at pc=618 op=Closure → setreg=618
DBG   change at pc=639 op=Move → setreg=639
DBG find_set_reg EXIT setreg=639 effective_lastpc=641
[err] pcall_k failed: Runtime: [string "_soft = true..."]:270: assertion failed!
