warning: unused import: `std::rc::Rc`
   --> crates/lua-types/src/value.rs:353:9
    |
353 |     use std::rc::Rc;
    |         ^^^^^^^^^^^
    |
    = note: `#[warn(unused_imports)]` (part of `#[warn(unused)]`) on by default

warning: function `same_rc` is never used
   --> crates/lua-types/src/value.rs:352:4
    |
352 | fn same_rc(a: &LuaValue, b: &LuaValue) -> bool {
    |    ^^^^^^^
    |
    = note: `#[warn(dead_code)]` (part of `#[warn(unused)]`) on by default

warning: unused imports: `CallInfoIdx`, `CallInfo`, and `GlobalState`
  --> crates/lua-vm/src/api.rs:16:44
   |
16 | use crate::state::{LuaState, LuaCFunction, GlobalState, CallInfo, CallInfoIdx, StackIdx,
   |                                            ^^^^^^^^^^^  ^^^^^^^^  ^^^^^^^^^^^
   |
   = note: `#[warn(unused_imports)]` (part of `#[warn(unused)]`) on by default

warning: unused import: `UpVal`
  --> crates/lua-vm/src/api.rs:21:70
   |
21 |     LuaValue, LuaType, LuaError, LuaString, LuaUserData, LuaClosure, UpVal,
   |                                                                      ^^^^^

warning: unused imports: `CIST_C`, `LuaTable`, and `UpVal`
  --> crates/lua-vm/src/debug.rs:14:69
   |
14 |     CallInfo, GcRef, LuaClosure, LuaClosureLua, LuaProto, LuaState, LuaTable, LuaValue,
   |                                                                     ^^^^^^^^
15 |     UpVal, CIST_C, CIST_FIN, CIST_HOOKED, CIST_HOOKYIELD, CIST_TAIL, CIST_TRAN,
   |     ^^^^^  ^^^^^^

warning: unused import: `std::rc::Rc`
  --> crates/lua-vm/src/func.rs:35:5
   |
35 | use std::rc::Rc;
   |     ^^^^^^^^^^^

warning: unused import: `tagmethods::TagMethod`
  --> crates/lua-vm/src/func.rs:42:5
   |
42 |     tagmethods::TagMethod,
   |     ^^^^^^^^^^^^^^^^^^^^^

warning: unused import: `lua_types::value::F2Imod`
  --> crates/lua-vm/src/object.rs:13:5
   |
13 | use lua_types::value::F2Imod;
   |     ^^^^^^^^^^^^^^^^^^^^^^^^

warning: unused import: `std::rc::Rc`
  --> crates/lua-vm/src/table.rs:44:5
   |
44 | use std::rc::Rc;
   |     ^^^^^^^^^^^

warning: unused import: `LuaClosure`
  --> crates/lua-vm/src/undump.rs:22:26
   |
22 | use lua_types::closure::{LuaClosure, LuaLClosure};
   |                          ^^^^^^^^^^

warning: unused import: `lua_types::upval::UpVal`
  --> crates/lua-vm/src/undump.rs:23:5
   |
23 | use lua_types::upval::UpVal;
   |     ^^^^^^^^^^^^^^^^^^^^^^^

warning: unnecessary parentheses around method argument
    --> crates/lua-vm/src/vm.rs:2347:54
     |
2347 | ...                   state.ci_adjust_func(ci, (nextraargs as i32 + nparams1 as i32));
     |                                                ^                                   ^
     |
     = note: `#[warn(unused_parens)]` (part of `#[warn(unused)]`) on by default
help: remove these parentheses
     |
2347 -                             state.ci_adjust_func(ci, (nextraargs as i32 + nparams1 as i32));
2347 +                             state.ci_adjust_func(ci, nextraargs as i32 + nparams1 as i32);
     |

error[E0308]: mismatched types
    --> crates/lua-vm/src/do_.rs:1399:98
     |
1399 | ...                   let src = lc.proto.source.as_deref().map(|s| String::from_utf8_lossy(s).into_owned()).unwrap_or_default();
     |                                                                    ----------------------- ^ expected `&[u8]`, found `&LuaString`
     |                                                                    |
     |                                                                    arguments to this function are incorrect
     |
     = note: expected reference `&[u8]`
                found reference `&LuaString`
note: associated function defined here
    --> /rustc/254b59607d4417e9dffbc307138ae5c86280fe4c/library/alloc/src/string.rs:619:12

warning: unreachable statement
   --> crates/lua-vm/src/object.rs:271:9
    |
270 |         let _tm: TagMethod = todo!("phase-b: TagMethod::from_arith_op");
    |                              ------------------------------------------ any code following this expression is unreachable
271 |         let _ = state;
    |         ^^^^^^^^^^^^^^ unreachable statement
    |
    = note: `#[warn(unreachable_code)]` (part of `#[warn(unused)]`) on by default

warning: unreachable statement
   --> crates/lua-vm/src/tagmethods.rs:257:5
    |
255 |     let tm: LuaValue = todo!("phase-b: LuaTable::get_short_str");
    |                        ----------------------------------------- any code following this expression is unreachable
256 |     // C: lua_assert(event <= TM_EQ);
257 |     debug_assert!((event as u8) <= (TagMethod::Eq as u8));
    |     ^^^^^^^^^^^^^^^^^^^^^^^^^^^^^^^^^^^^^^^^^^^^^^^^^^^^^ unreachable statement
    |
    = note: this warning originates in the macro `debug_assert` (in Nightly builds, run with -Z macro-backtrace for more info)

warning: unused import: `LuaStringRefExt`
  --> crates/lua-vm/src/api.rs:18:40
   |
18 |     LuaTableRefExt, LuaUserDataRefExt, LuaStringRefExt,
   |                                        ^^^^^^^^^^^^^^^

warning: unused import: `LuaLClosureRefExt`
  --> crates/lua-vm/src/api.rs:19:5
   |
19 |     LuaLClosureRefExt, LuaClosureExt, LuaProtoExt};
   |     ^^^^^^^^^^^^^^^^^

warning: unused import: `LuaClosureExt`
  --> crates/lua-vm/src/api.rs:19:24
   |
19 |     LuaLClosureRefExt, LuaClosureExt, LuaProtoExt};
   |                        ^^^^^^^^^^^^^

warning: unused import: `LuaProtoExt`
  --> crates/lua-vm/src/api.rs:19:39
   |
19 |     LuaLClosureRefExt, LuaClosureExt, LuaProtoExt};
   |                                       ^^^^^^^^^^^

warning: unused variable: `state`
    --> crates/lua-vm/src/debug.rs:1277:47
     |
1277 | fn in_stack(ci: &CallInfo, val_idx: StackIdx, state: &LuaState) -> i32 {
     |                                               ^^^^^ help: if this is intentional, prefix it with an underscore: `_state`
     |
     = note: `#[warn(unused_variables)]` (part of `#[warn(unused)]`) on by default

warning: unused variable: `state`
   --> crates/lua-vm/src/do_.rs:181:21
    |
181 | pub(crate) fn throw(state: &mut LuaState, errcode: LuaStatus) -> ! {
    |                     ^^^^^ help: if this is intentional, prefix it with an underscore: `_state`

warning: unused variable: `state`
    --> crates/lua-vm/src/do_.rs:1627:5
     |
1627 |     state: &mut LuaState,
     |     ^^^^^ help: if this is intentional, prefix it with an underscore: `_state`

warning: unused variable: `state`
  --> crates/lua-vm/src/func.rs:78:5
   |
78 |     state: &mut LuaState,
   |     ^^^^^ help: if this is intentional, prefix it with an underscore: `_state`

warning: unused variable: `valid_end`
   --> crates/lua-vm/src/object.rs:389:9
    |
389 |     let valid_end = idx;
    |         ^^^^^^^^^ help: if this is intentional, prefix it with an underscore: `_valid_end`

warning: variable does not need to be mutable
    --> crates/lua-vm/src/object.rs:1007:9
     |
1007 |     let mut write_bytes = |out: &mut [u8], written: &mut usize, bytes: &[u8]| {
     |         ----^^^^^^^^^^^
     |         |
     |         help: remove this `mut`
     |
     = note: `#[warn(unused_mut)]` (part of `#[warn(unused)]`) on by default

warning: variable does not need to be mutable
    --> crates/lua-vm/src/state.rs:3059:9
     |
3059 |     let mut status = if status == LuaStatus::Yield as i32 {
     |         ----^^^^^^
     |         |
     |         help: remove this `mut`

warning: unused variable: `state`
   --> crates/lua-vm/src/string.rs:833:5
    |
833 |     state: &mut LuaState,
    |     ^^^^^ help: if this is intentional, prefix it with an underscore: `_state`

warning: unused variable: `state`
   --> crates/lua-vm/src/table.rs:599:9
    |
599 |         state: &mut LuaState,
    |         ^^^^^ help: if this is intentional, prefix it with an underscore: `_state`

warning: value assigned to `new_hash_node` is never read
   --> crates/lua-vm/src/table.rs:866:49
    |
866 |         let mut new_hash_node: Vec<TableNode> = Vec::new();
    |                                                 ^^^^^^^^^^
    |
    = help: maybe it is overwritten before being read?
    = note: `#[warn(unused_assignments)]` (part of `#[warn(unused)]`) on by default

warning: value assigned to `new_hash_lsize` is never read
   --> crates/lua-vm/src/table.rs:867:38
    |
867 |         let mut new_hash_lsize: u8 = 0;
    |                                      ^
    |
    = help: maybe it is overwritten before being read?

warning: value assigned to `new_hash_lastfree` is never read
   --> crates/lua-vm/src/table.rs:868:52
    |
868 |         let mut new_hash_lastfree: Option<usize> = None;
    |                                                    ^^^^
    |
    = help: maybe it is overwritten before being read?

warning: unused variable: `event`
   --> crates/lua-vm/src/tagmethods.rs:250:5
    |
250 |     event: TagMethod,
    |     ^^^^^ help: if this is intentional, prefix it with an underscore: `_event`

warning: unused variable: `tm`
   --> crates/lua-vm/src/tagmethods.rs:255:9
    |
255 |     let tm: LuaValue = todo!("phase-b: LuaTable::get_short_str");
    |         ^^ help: if this is intentional, prefix it with an underscore: `_tm`

warning: unused variable: `s`
   --> crates/lua-vm/src/undump.rs:130:15
    |
130 | fn load_error(s: &LoadState<'_>, why: &'static str) -> LuaError {
    |               ^ help: if this is intentional, prefix it with an underscore: `_s`

warning: value assigned to `trap` is never read
    --> crates/lua-vm/src/vm.rs:2071:25
     |
2071 |                         trap = state.ci_trap(ci);
     |                         ^^^^^^^^^^^^^^^^^^^^^^^^
     |
     = help: maybe it is overwritten before being read?

warning: value assigned to `trap` is never read
    --> crates/lua-vm/src/vm.rs:2342:29
     |
2342 | ...                   trap = state.ci_trap(ci);
     |                       ^^^^^^^^^^^^^^^^^^^^^^^^
     |
     = help: maybe it is overwritten before being read?

For more information about this error, try `rustc --explain E0308`.
error: could not compile `lua-vm` (lib) due to 1 previous error; 33 warnings emitted
