[2026-05-16T13:47:08Z] в•ђв•ђв•ђв•ђв•ђв•ђв•ђв•ђв•ђв•ђв•ђв•ђв•ђв•ђв•ђв•ђв•ђв•ђв•ђв•ђв•ђв•ђв•ђв•ђв•ђв•ђв•ђв•ђв•ђв•ђв•ђв•ђв•ђв•ђв•ђв•ђв•ђв•ђв•ђв•ђв•ђв•ђв•ђв•ђв•ђв•ђв•ђв•ђв•ђв•ђв•ђв•ђв•ђв•ђв•ђв•ђв•ђв•ђв•ђв•ђв•ђв•ђв•ђв•ђв•ђ
[2026-05-16T13:47:08Z] Implement-loop start. test program: print("hello")
[2026-05-16T13:47:08Z]   MAX_ITER=25  LOOP_COST_CAP=$200.00
[2026-05-16T13:47:08Z] в•ђв•ђв•ђв•ђв•ђв•ђв•ђв•ђв•ђв•ђв•ђв•ђв•ђв•ђв•ђв•ђв•ђв•ђв•ђв•ђв•ђв•ђв•ђв•ђв•ђв•ђв•ђв•ђв•ђв•ђв•ђв•ђв•ђв•ђв•ђв•ђв•ђв•ђв•ђв•ђв•ђв•ђв•ђв•ђв•ђв•ђв•ђв•ђв•ђв•ђв•ђв•ђв•ђв•ђв•ђв•ђв•ђв•ђв•ђв•ђв•ђв•ђв•ђв•ђв•ђ
[2026-05-16T13:47:08Z] в”Ђв”Ђв”Ђ iter 1  (spent: $0.00) в”Ђв”Ђв”Ђ
[2026-05-16T13:47:08Z]   blocked on: require_lib
[2026-05-16T13:47:08Z]   dispatching agent for require_lib (budget $10)
[2026-05-16T13:49:04Z]   agent done. iter cost=$0.9077387499999999  total=$0.00
[2026-05-16T13:49:04Z] в”Ђв”Ђв”Ђ iter 2  (spent: $0.00) в”Ђв”Ђв”Ђ
[2026-05-16T13:49:05Z]   blocked on: get_field
[2026-05-16T13:49:05Z]   dispatching agent for get_field (budget $10)
[2026-05-16T13:50:32Z]   agent done. iter cost=$0.6442545000000001  total=$0.00
[2026-05-16T13:50:32Z] в”Ђв”Ђв”Ђ iter 3  (spent: $0.00) в”Ђв”Ђв”Ђ
[2026-05-16T13:50:32Z]   blocked on: registry_value
[2026-05-16T13:50:32Z]   dispatching agent for registry_value (budget $10)
[2026-05-16T13:51:23Z]   agent done. iter cost=$0.5117385  total=$0.00
[2026-05-16T13:51:23Z] в”Ђв”Ђв”Ђ iter 4  (spent: $0.00) в”Ђв”Ђв”Ђ
[2026-05-16T13:51:23Z]   blocked on: table_get_with_tm
[2026-05-16T13:51:23Z]   dispatching agent for table_get_with_tm (budget $10)
[2026-05-16T13:55:01Z]   agent done. iter cost=$1.9590297499999993  total=$0.00
[2026-05-16T13:55:01Z] в”Ђв”Ђв”Ђ iter 5  (spent: $0.00) в”Ђв”Ђв”Ђ
[2026-05-16T13:55:01Z]   blocked on: fast_get
[2026-05-16T13:55:01Z]   dispatching agent for fast_get (budget $10)
[2026-05-16T13:58:19Z]   agent done. iter cost=$1.85217225  total=$0.00
[2026-05-16T13:58:19Z] в”Ђв”Ђв”Ђ iter 6  (spent: $0.00) в”Ђв”Ђв”Ђ
[2026-05-16T13:58:19Z]   no todo!() panic detected вЂ” final output:
    |                 ^^^^^^^^^^^^^^^^^
    |
    = note: this `Result` may be an `Err` variant, which should be handled
help: use `let _ = ...` to ignore the resulting value
    |
156 |                 let _ = state.replace(-3); // in the slot occupied by table
    |                 +++++++

[1/4] Creating LuaState...
[2/4] Opening standard library...

thread 'main' (4401610) panicked at crates/lua-vm/src/state.rs:437:48:
not yet implemented: phase-b: LuaTable::get
note: run with `RUST_BACKTRACE=1` environment variable to display a backtrace
[panic] not yet implemented: phase-b: LuaTable::get
[2026-05-16T13:58:19Z] в•ђв•ђв•ђв•ђв•ђв•ђв•ђв•ђв•ђв•ђв•ђв•ђв•ђв•ђв•ђв•ђв•ђв•ђв•ђв•ђв•ђв•ђв•ђв•ђв•ђв•ђв•ђв•ђв•ђв•ђв•ђв•ђв•ђв•ђв•ђв•ђв•ђв•ђв•ђв•ђв•ђв•ђв•ђв•ђв•ђв•ђв•ђв•ђв•ђв•ђв•ђв•ђв•ђв•ђв•ђв•ђв•ђв•ђв•ђв•ђв•ђв•ђв•ђв•ђв•ђ
[2026-05-16T13:58:19Z] Loop end. Total cost: $0.00  Total iterations: 5
[2026-05-16T13:58:19Z] в•ђв•ђв•ђв•ђв•ђв•ђв•ђв•ђв•ђв•ђв•ђв•ђв•ђв•ђв•ђв•ђв•ђв•ђв•ђв•ђв•ђв•ђв•ђв•ђв•ђв•ђв•ђв•ђв•ђв•ђв•ђв•ђв•ђв•ђв•ђв•ђв•ђв•ђв•ђв•ђв•ђв•ђв•ђв•ђв•ђв•ђв•ђв•ђв•ђв•ђв•ђв•ђв•ђв•ђв•ђв•ђв•ђв•ђв•ђв•ђв•ђв•ђв•ђв•ђв•ђ
[2026-05-16T13:59:19Z] в•ђв•ђв•ђв•ђв•ђв•ђв•ђв•ђв•ђв•ђв•ђв•ђв•ђв•ђв•ђв•ђв•ђв•ђв•ђв•ђв•ђв•ђв•ђв•ђв•ђв•ђв•ђв•ђв•ђв•ђв•ђв•ђв•ђв•ђв•ђв•ђв•ђв•ђв•ђв•ђв•ђв•ђв•ђв•ђв•ђв•ђв•ђв•ђв•ђв•ђв•ђв•ђв•ђв•ђв•ђв•ђв•ђв•ђв•ђв•ђв•ђв•ђв•ђв•ђв•ђ
[2026-05-16T13:59:19Z] Implement-loop start. test program: print("hello")
[2026-05-16T13:59:19Z]   MAX_ITER=40  LOOP_COST_CAP=$400.00
[2026-05-16T13:59:19Z] в•ђв•ђв•ђв•ђв•ђв•ђв•ђв•ђв•ђв•ђв•ђв•ђв•ђв•ђв•ђв•ђв•ђв•ђв•ђв•ђв•ђв•ђв•ђв•ђв•ђв•ђв•ђв•ђв•ђв•ђв•ђв•ђв•ђв•ђв•ђв•ђв•ђв•ђв•ђв•ђв•ђв•ђв•ђв•ђв•ђв•ђв•ђв•ђв•ђв•ђв•ђв•ђв•ђв•ђв•ђв•ђв•ђв•ђв•ђв•ђв•ђв•ђв•ђв•ђв•ђ
[2026-05-16T13:59:19Z] в”Ђв”Ђв”Ђ iter 1  (spent: $0.00) в”Ђв”Ђв”Ђ
[2026-05-16T13:59:19Z]   blocked on: LuaTable::get
[2026-05-16T13:59:19Z]   dispatching agent for LuaTable::get (budget $10)
[2026-05-16T14:02:56Z]   agent done. iter cost=$1.3822395  total=$0.00
[2026-05-16T14:02:56Z] в”Ђв”Ђв”Ђ iter 2  (spent: $0.00) в”Ђв”Ђв”Ђ
[2026-05-16T14:02:56Z]   blocked on: table_metatable
[2026-05-16T14:02:56Z]   dispatching agent for table_metatable (budget $10)
[2026-05-16T14:04:55Z]   agent done. iter cost=$0.9253142499999999  total=$0.00
[2026-05-16T14:04:55Z] в”Ђв”Ђв”Ђ iter 3  (spent: $0.00) в”Ђв”Ђв”Ђ
[2026-05-16T14:04:55Z]   blocked on: LuaTable
[2026-05-16T14:04:55Z]   dispatching agent for LuaTable (budget $10)
[2026-05-16T14:05:50Z]   agent done. iter cost=$0.4517875  total=$0.00
[2026-05-16T14:05:50Z] в”Ђв”Ђв”Ђ iter 4  (spent: $0.00) в”Ђв”Ђв”Ђ
[2026-05-16T14:05:50Z]   blocked on: fast_tm_table
[2026-05-16T14:05:50Z]   dispatching agent for fast_tm_table (budget $10)
[2026-05-16T14:09:21Z]   agent done. iter cost=$1.6393012500000004  total=$0.00
[2026-05-16T14:09:21Z] в”Ђв”Ђв”Ђ iter 5  (spent: $0.00) в”Ђв”Ђв”Ђ
[2026-05-16T14:09:21Z]   blocked on: set_at
[2026-05-16T14:09:21Z]   dispatching agent for set_at (budget $10)
[2026-05-16T14:10:29Z]   agent done. iter cost=$0.6019414999999999  total=$0.00
[2026-05-16T14:10:29Z] в”Ђв”Ђв”Ђ iter 6  (spent: $0.00) в”Ђв”Ђв”Ђ
[2026-05-16T14:10:29Z]   blocked on: get_at
[2026-05-16T14:10:29Z]   dispatching agent for get_at (budget $10)
[2026-05-16T14:11:44Z]   agent done. iter cost=$0.6522684999999999  total=$0.00
[2026-05-16T14:11:44Z] в”Ђв”Ђв”Ђ iter 7  (spent: $0.00) в”Ђв”Ђв”Ђ
[2026-05-16T14:11:44Z]   blocked on: pop_n
[2026-05-16T14:11:44Z]   dispatching agent for pop_n (budget $10)
[2026-05-16T14:12:54Z]   agent done. iter cost=$0.5553925000000001  total=$0.00
[2026-05-16T14:12:54Z] в”Ђв”Ђв”Ђ iter 8  (spent: $0.00) в”Ђв”Ђв”Ђ
[2026-05-16T14:12:54Z]   blocked on: abs_index
[2026-05-16T14:12:54Z]   dispatching agent for abs_index (budget $10)
[2026-05-16T14:13:50Z]   agent done. iter cost=$0.55327325  total=$0.00
[2026-05-16T14:13:50Z] в”Ђв”Ђв”Ђ iter 9  (spent: $0.00) в”Ђв”Ђв”Ђ
[2026-05-16T14:13:50Z]   blocked on: push_value
[2026-05-16T14:13:50Z]   dispatching agent for push_value (budget $10)
[2026-05-16T14:14:28Z]   agent done. iter cost=$0.450096  total=$0.00
[2026-05-16T14:14:28Z] в”Ђв”Ђв”Ђ iter 10  (spent: $0.00) в”Ђв”Ђв”Ђ
[2026-05-16T14:14:28Z]   blocked on: set_field
[2026-05-16T14:14:28Z]   dispatching agent for set_field (budget $10)
[2026-05-16T14:15:24Z]   agent done. iter cost=$0.5875934999999998  total=$0.00
[2026-05-16T14:15:24Z] в”Ђв”Ђв”Ђ iter 11  (spent: $0.00) в”Ђв”Ђв”Ђ
[2026-05-16T14:15:24Z]   blocked on: table_set_with_tm
[2026-05-16T14:15:24Z]   dispatching agent for table_set_with_tm (budget $10)
[2026-05-16T14:18:21Z]   agent done. iter cost=$0.9699242499999999  total=$0.00
[2026-05-16T14:18:21Z] в”Ђв”Ђв”Ђ iter 12  (spent: $0.00) в”Ђв”Ђв”Ђ
[2026-05-16T14:18:21Z]   blocked on: table_raw_set
[2026-05-16T14:18:21Z]   dispatching agent for table_raw_set (budget $10)
[2026-05-16T14:21:01Z]   agent done. iter cost=$1.3213982499999999  total=$0.00
[2026-05-16T14:21:01Z] в”Ђв”Ђв”Ђ iter 13  (spent: $0.00) в”Ђв”Ђв”Ђ
[2026-05-16T14:21:01Z]   blocked on: LuaTable::raw_set
[2026-05-16T14:21:01Z]   dispatching agent for LuaTable::raw_set (budget $10)
[2026-05-16T14:22:18Z]   agent done. iter cost=$0.58492175  total=$0.00
[2026-05-16T14:22:18Z] в”Ђв”Ђв”Ђ iter 14  (spent: $0.00) в”Ђв”Ђв”Ђ
[2026-05-16T14:22:18Z]   blocked on: to_boolean
[2026-05-16T14:22:18Z]   dispatching agent for to_boolean (budget $10)
[2026-05-16T14:22:51Z]   agent done. iter cost=$0.4096762499999999  total=$0.00
[2026-05-16T14:22:51Z] в”Ђв”Ђв”Ђ iter 15  (spent: $0.00) в”Ђв”Ђв”Ђ
[2026-05-16T14:22:51Z]   blocked on: push_c_function
[2026-05-16T14:22:51Z]   dispatching agent for push_c_function (budget $10)
[2026-05-16T14:27:19Z]   agent done. iter cost=$2.0451292500000005  total=$0.00
[2026-05-16T14:27:19Z] в”Ђв”Ђв”Ђ iter 16  (spent: $0.00) в”Ђв”Ђв”Ђ
[2026-05-16T14:27:20Z]   blocked on: push_bytes
[2026-05-16T14:27:20Z]   dispatching agent for push_bytes (budget $10)
[2026-05-16T14:28:06Z]   agent done. iter cost=$0.49707775000000004  total=$0.00
[2026-05-16T14:28:06Z] в”Ђв”Ђв”Ђ iter 17  (spent: $0.00) в”Ђв”Ђв”Ђ
[2026-05-16T14:28:06Z]   blocked on: call
[2026-05-16T14:28:06Z]   dispatching agent for call (budget $10)
[2026-05-16T14:29:06Z]   agent done. iter cost=$0.7558579999999999  total=$0.00
[2026-05-16T14:29:06Z] в”Ђв”Ђв”Ђ iter 18  (spent: $0.00) в”Ђв”Ђв”Ђ
[2026-05-16T14:29:06Z]   blocked on: call_no_yield
[2026-05-16T14:29:06Z]   dispatching agent for call_no_yield (budget $10)
[2026-05-16T14:30:44Z]   agent done. iter cost=$0.9726932500000001  total=$0.00
[2026-05-16T14:30:44Z] в”Ђв”Ђв”Ђ iter 19  (spent: $0.00) в”Ђв”Ђв”Ђ
[2026-05-16T14:30:44Z]   no todo!() panic detected вЂ” final output:
warning: unused `Result` that must be used
   --> crates/lua-stdlib/src/auxlib.rs:156:17
    |
156 |                 state.replace(-3); // in the slot occupied by table
    |                 ^^^^^^^^^^^^^^^^^
    |
    = note: this `Result` may be an `Err` variant, which should be handled
help: use `let _ = ...` to ignore the resulting value
    |
156 |                 let _ = state.replace(-3); // in the slot occupied by table
    |                 +++++++

[1/4] Creating LuaState...
[2/4] Opening standard library...
[err] open_libs failed: Runtime(Str(GcRef(LuaString { bytes: [112, 104, 97, 115, 101, 45, 98, 58, 32, 112, 114, 101, 99, 97, 108, 108, 32, 108, 105, 103, 104, 116, 32, 67], is_short: true, hash: 3524343389 })))
[2026-05-16T14:30:44Z] в•ђв•ђв•ђв•ђв•ђв•ђв•ђв•ђв•ђв•ђв•ђв•ђв•ђв•ђв•ђв•ђв•ђв•ђв•ђв•ђв•ђв•ђв•ђв•ђв•ђв•ђв•ђв•ђв•ђв•ђв•ђв•ђв•ђв•ђв•ђв•ђв•ђв•ђв•ђв•ђв•ђв•ђв•ђв•ђв•ђв•ђв•ђв•ђв•ђв•ђв•ђв•ђв•ђв•ђв•ђв•ђв•ђв•ђв•ђв•ђв•ђв•ђв•ђв•ђв•ђ
[2026-05-16T14:30:44Z] Loop end. Total cost: $0.00  Total iterations: 18
[2026-05-16T14:30:44Z] в•ђв•ђв•ђв•ђв•ђв•ђв•ђв•ђв•ђв•ђв•ђв•ђв•ђв•ђв•ђв•ђв•ђв•ђв•ђв•ђв•ђв•ђв•ђв•ђв•ђв•ђв•ђв•ђв•ђв•ђв•ђв•ђв•ђв•ђв•ђв•ђв•ђв•ђв•ђв•ђв•ђв•ђв•ђв•ђв•ђв•ђв•ђв•ђв•ђв•ђв•ђв•ђв•ђв•ђв•ђв•ђв•ђв•ђв•ђв•ђв•ђв•ђв•ђв•ђв•ђ
[2026-05-16T14:32:25Z] в•ђв•ђв•ђв•ђв•ђв•ђв•ђв•ђв•ђв•ђв•ђв•ђв•ђв•ђв•ђв•ђв•ђв•ђв•ђв•ђв•ђв•ђв•ђв•ђв•ђв•ђв•ђв•ђв•ђв•ђв•ђв•ђв•ђв•ђв•ђв•ђв•ђв•ђв•ђв•ђв•ђв•ђв•ђв•ђв•ђв•ђв•ђв•ђв•ђв•ђв•ђв•ђв•ђв•ђв•ђв•ђв•ђв•ђв•ђв•ђв•ђв•ђв•ђв•ђв•ђ
[2026-05-16T14:32:25Z] Implement-loop start. test program: print("hello")
[2026-05-16T14:32:25Z]   MAX_ITER=40  LOOP_COST_CAP=$400.00
[2026-05-16T14:32:25Z] в•ђв•ђв•ђв•ђв•ђв•ђв•ђв•ђв•ђв•ђв•ђв•ђв•ђв•ђв•ђв•ђв•ђв•ђв•ђв•ђв•ђв•ђв•ђв•ђв•ђв•ђв•ђв•ђв•ђв•ђв•ђв•ђв•ђв•ђв•ђв•ђв•ђв•ђв•ђв•ђв•ђв•ђв•ђв•ђв•ђв•ђв•ђв•ђв•ђв•ђв•ђв•ђв•ђв•ђв•ђв•ђв•ђв•ђв•ђв•ђв•ђв•ђв•ђв•ђв•ђ
[2026-05-16T14:32:25Z] в”Ђв”Ђв”Ђ iter 1  (spent: $0.00) в”Ђв”Ђв”Ђ
[2026-05-16T14:32:25Z]   blocked on: precall light C
[2026-05-16T14:32:25Z]   dispatching agent for precall light C at  (budget $10)
[2026-05-16T14:34:09Z]   agent done. iter cost=$0.7278322500000001  total=$0.00
[2026-05-16T14:34:09Z] в”Ђв”Ђв”Ђ iter 2  (spent: $0.00) в”Ђв”Ђв”Ђ
[2026-05-16T14:34:09Z]   blocked on: check_stack
[2026-05-16T14:34:09Z]   dispatching agent for check_stack at crates/lua-vm/src/state.rs:1113:70 (budget $10)
[2026-05-16T14:35:41Z]   agent done. iter cost=$0.7215935  total=$0.00
[2026-05-16T14:35:41Z] в”Ђв”Ђв”Ђ iter 3  (spent: $0.00) в”Ђв”Ђв”Ђ
[2026-05-16T14:35:41Z]   blocked on: next_ci
[2026-05-16T14:35:41Z]   dispatching agent for next_ci at crates/lua-vm/src/state.rs:1129:66 (budget $10)
[2026-05-16T14:36:36Z]   agent done. iter cost=$0.537039  total=$0.00
[2026-05-16T14:36:36Z] в”Ђв”Ђв”Ђ iter 4  (spent: $0.00) в”Ђв”Ђв”Ђ
[2026-05-16T14:36:36Z]   blocked on: set_top
[2026-05-16T14:36:36Z]   dispatching agent for set_top at crates/lua-vm/src/state.rs:1094:9 (budget $10)
[2026-05-16T14:38:09Z]   agent done. iter cost=$0.6518072499999998  total=$0.00
[2026-05-16T14:38:09Z] в”Ђв”Ђв”Ђ iter 5  (spent: $0.00) в”Ђв”Ђв”Ђ
[2026-05-16T14:38:09Z]   blocked on: adjust_results
[2026-05-16T14:38:09Z]   dispatching agent for adjust_results at crates/lua-vm/src/state.rs:1230:56 (budget $10)
[2026-05-16T14:39:13Z]   agent done. iter cost=$0.5866065  total=$0.00
[2026-05-16T14:39:13Z] в”Ђв”Ђв”Ђ iter 6  (spent: $0.00) в”Ђв”Ђв”Ђ
[2026-05-16T14:39:13Z]   blocked on: remove
[2026-05-16T14:39:13Z]   dispatching agent for remove at crates/lua-stdlib/src/state_stub.rs:109:62 (budget $10)
[2026-05-16T14:41:39Z]   agent done. iter cost=$1.2976929999999998  total=$0.00
[2026-05-16T14:41:39Z] в”Ђв”Ђв”Ђ iter 7  (spent: $0.00) в”Ђв”Ђв”Ђ
[2026-05-16T14:41:39Z]   blocked on: set_top_idx
[2026-05-16T14:41:39Z]   dispatching agent for set_top_idx at crates/lua-vm/src/state.rs:1117:9 (budget $10)
[2026-05-16T14:43:10Z]   agent done. iter cost=$0.61709375  total=$0.00
[2026-05-16T14:43:10Z] в”Ђв”Ђв”Ђ iter 8  (spent: $0.00) в”Ђв”Ђв”Ђ
[2026-05-16T14:43:10Z]   blocked on: set_global
[2026-05-16T14:43:10Z]   dispatching agent for set_global at crates/lua-stdlib/src/state_stub.rs:186:69 (budget $10)
[2026-05-16T14:44:13Z]   agent done. iter cost=$0.64177025  total=$0.00
[2026-05-16T14:44:13Z] в”Ђв”Ђв”Ђ iter 9  (spent: $0.00) в”Ђв”Ђв”Ђ
[2026-05-16T14:44:14Z]   blocked on: registry_get
[2026-05-16T14:44:14Z]   dispatching agent for registry_get at crates/lua-vm/src/state.rs:1213:59 (budget $10)
[2026-05-16T14:47:03Z]   agent done. iter cost=$1.4092012499999997  total=$0.00
[2026-05-16T14:47:03Z] в”Ђв”Ђв”Ђ iter 10  (spent: $0.00) в”Ђв”Ђв”Ђ
[2026-05-16T14:47:03Z]   no todo!() panic detected вЂ” final output:
warning: unused `Result` that must be used
   --> crates/lua-stdlib/src/auxlib.rs:156:17
    |
156 |                 state.replace(-3); // in the slot occupied by table
    |                 ^^^^^^^^^^^^^^^^^
    |
    = note: this `Result` may be an `Err` variant, which should be handled
help: use `let _ = ...` to ignore the resulting value
    |
156 |                 let _ = state.replace(-3); // in the slot occupied by table
    |                 +++++++

[1/4] Creating LuaState...
[2/4] Opening standard library...
[err] open_libs failed: Runtime: attempt to index a <type> value
[2026-05-16T14:47:03Z] в•ђв•ђв•ђв•ђв•ђв•ђв•ђв•ђв•ђв•ђв•ђв•ђв•ђв•ђв•ђв•ђв•ђв•ђв•ђв•ђв•ђв•ђв•ђв•ђв•ђв•ђв•ђв•ђв•ђв•ђв•ђв•ђв•ђв•ђв•ђв•ђв•ђв•ђв•ђв•ђв•ђв•ђв•ђв•ђв•ђв•ђв•ђв•ђв•ђв•ђв•ђв•ђв•ђв•ђв•ђв•ђв•ђв•ђв•ђв•ђв•ђв•ђв•ђв•ђв•ђ
[2026-05-16T14:47:03Z] Loop end. Total cost: $0.00  Total iterations: 9
[2026-05-16T14:47:03Z] в•ђв•ђв•ђв•ђв•ђв•ђв•ђв•ђв•ђв•ђв•ђв•ђв•ђв•ђв•ђв•ђв•ђв•ђв•ђв•ђв•ђв•ђв•ђв•ђв•ђв•ђв•ђв•ђв•ђв•ђв•ђв•ђв•ђв•ђв•ђв•ђв•ђв•ђв•ђв•ђв•ђв•ђв•ђв•ђв•ђв•ђв•ђв•ђв•ђв•ђв•ђв•ђв•ђв•ђв•ђв•ђв•ђв•ђв•ђв•ђв•ђв•ђв•ђв•ђв•ђ
[2026-05-16T17:05:36Z] в•ђв•ђв•ђв•ђв•ђв•ђв•ђв•ђв•ђв•ђв•ђв•ђв•ђв•ђв•ђв•ђв•ђв•ђв•ђв•ђв•ђв•ђв•ђв•ђв•ђв•ђв•ђв•ђв•ђв•ђв•ђв•ђв•ђв•ђв•ђв•ђв•ђв•ђв•ђв•ђв•ђв•ђв•ђв•ђв•ђв•ђв•ђв•ђв•ђв•ђв•ђв•ђв•ђв•ђв•ђв•ђв•ђв•ђв•ђв•ђв•ђв•ђв•ђв•ђв•ђ
[2026-05-16T17:05:36Z] Implement-loop start. test program: print("hello")
[2026-05-16T17:05:36Z]   MAX_ITER=60  LOOP_COST_CAP=$400.00
[2026-05-16T17:05:36Z] в•ђв•ђв•ђв•ђв•ђв•ђв•ђв•ђв•ђв•ђв•ђв•ђв•ђв•ђв•ђв•ђв•ђв•ђв•ђв•ђв•ђв•ђв•ђв•ђв•ђв•ђв•ђв•ђв•ђв•ђв•ђв•ђв•ђв•ђв•ђв•ђв•ђв•ђв•ђв•ђв•ђв•ђв•ђв•ђв•ђв•ђв•ђв•ђв•ђв•ђв•ђв•ђв•ђв•ђв•ђв•ђв•ђв•ђв•ђв•ђв•ђв•ђв•ђв•ђв•ђ
[2026-05-16T17:05:36Z] в”Ђв”Ђв”Ђ iter 1  (spent: $0.00) в”Ђв”Ђв”Ђ
[2026-05-16T17:05:36Z]   stub blocker: load
[2026-05-16T17:05:36Z]   dispatching IMPLEMENT agent for load at crates/lua-stdlib/src/state_stub.rs:175:100 (budget $10)
[2026-05-16T17:07:15Z]   agent done. iter cost=$1.0547005  total=$0.00
[2026-05-16T17:07:15Z] в”Ђв”Ђв”Ђ iter 2  (spent: $0.00) в”Ђв”Ђв”Ђ
[2026-05-16T17:07:15Z]   stub blocker: protected_parser
[2026-05-16T17:07:15Z]   dispatching IMPLEMENT agent for protected_parser at crates/lua-vm/src/state.rs:1241:112 (budget $10)
[2026-05-16T17:08:31Z]   agent done. iter cost=$0.77108075  total=$0.00
[2026-05-16T17:08:31Z] в”Ђв”Ђв”Ђ iter 3  (spent: $0.00) в”Ђв”Ђв”Ђ
[2026-05-16T17:08:31Z]   stub blocker: hook lua-parse::parse
[2026-05-16T17:08:32Z]   dispatching IMPLEMENT agent for hook lua-parse::parse at crates/lua-vm/src/do_.rs:39:5 (budget $10)
[2026-05-16T17:11:36Z]   agent done. iter cost=$1.24374325  total=$0.00
[2026-05-16T17:11:36Z] в”Ђв”Ђв”Ђ iter 4  (spent: $0.00) в”Ђв”Ђв”Ђ
[2026-05-16T17:11:36Z]   unknown failure mode вЂ” final output:
   --> crates/lua-stdlib/src/auxlib.rs:156:17
    |
156 |                 state.replace(-3); // in the slot occupied by table
    |                 ^^^^^^^^^^^^^^^^^
    |
    = note: this `Result` may be an `Err` variant, which should be handled
help: use `let _ = ...` to ignore the resulting value
    |
156 |                 let _ = state.replace(-3); // in the slot occupied by table
    |                 +++++++

[1/4] Creating LuaState...
[2/4] Opening standard library...
[3/4] Loading source (parse + compile)...
[err] load_string returned non-zero status: 1
[2026-05-16T17:11:36Z] в•ђв•ђв•ђв•ђв•ђв•ђв•ђв•ђв•ђв•ђв•ђв•ђв•ђв•ђв•ђв•ђв•ђв•ђв•ђв•ђв•ђв•ђв•ђв•ђв•ђв•ђв•ђв•ђв•ђв•ђв•ђв•ђв•ђв•ђв•ђв•ђв•ђв•ђв•ђв•ђв•ђв•ђв•ђв•ђв•ђв•ђв•ђв•ђв•ђв•ђв•ђв•ђв•ђв•ђв•ђв•ђв•ђв•ђв•ђв•ђв•ђв•ђв•ђв•ђв•ђ
[2026-05-16T17:11:36Z] Loop end. Total cost: $0.00  Total iterations: 3
[2026-05-16T17:11:36Z] в•ђв•ђв•ђв•ђв•ђв•ђв•ђв•ђв•ђв•ђв•ђв•ђв•ђв•ђв•ђв•ђв•ђв•ђв•ђв•ђв•ђв•ђв•ђв•ђв•ђв•ђв•ђв•ђв•ђв•ђв•ђв•ђв•ђв•ђв•ђв•ђв•ђв•ђв•ђв•ђв•ђв•ђв•ђв•ђв•ђв•ђв•ђв•ђв•ђв•ђв•ђв•ђв•ђв•ђв•ђв•ђв•ђв•ђв•ђв•ђв•ђв•ђв•ђв•ђв•ђ
[2026-05-16T17:12:15Z] в•ђв•ђв•ђв•ђв•ђв•ђв•ђв•ђв•ђв•ђв•ђв•ђв•ђв•ђв•ђв•ђв•ђв•ђв•ђв•ђв•ђв•ђв•ђв•ђв•ђв•ђв•ђв•ђв•ђв•ђв•ђв•ђв•ђв•ђв•ђв•ђв•ђв•ђв•ђв•ђв•ђв•ђв•ђв•ђв•ђв•ђв•ђв•ђв•ђв•ђв•ђв•ђв•ђв•ђв•ђв•ђв•ђв•ђв•ђв•ђв•ђв•ђв•ђв•ђв•ђ
[2026-05-16T17:12:15Z] Implement-loop start. test program: print("hello")
[2026-05-16T17:12:15Z]   MAX_ITER=60  LOOP_COST_CAP=$400.00
[2026-05-16T17:12:15Z] в•ђв•ђв•ђв•ђв•ђв•ђв•ђв•ђв•ђв•ђв•ђв•ђв•ђв•ђв•ђв•ђв•ђв•ђв•ђв•ђв•ђв•ђв•ђв•ђв•ђв•ђв•ђв•ђв•ђв•ђв•ђв•ђв•ђв•ђв•ђв•ђв•ђв•ђв•ђв•ђв•ђв•ђв•ђв•ђв•ђв•ђв•ђв•ђв•ђв•ђв•ђв•ђв•ђв•ђв•ђв•ђв•ђв•ђв•ђв•ђв•ђв•ђв•ђв•ђв•ђ
[2026-05-16T17:12:15Z] в”Ђв”Ђв”Ђ iter 1  (spent: $0.00) в”Ђв”Ђв”Ђ
[2026-05-16T17:12:15Z]   real-error blocker at step 3/4 Loading source (parse + compile): load_string returned non-zero status: 1
[2026-05-16T17:12:15Z]   dispatching DEBUG agent for real-error (budget $15)
[2026-05-16T17:16:35Z]   agent done. iter cost=$2.4356544999999987  total=$0.00
[2026-05-16T17:16:35Z] в”Ђв”Ђв”Ђ iter 2  (spent: $0.00) в”Ђв”Ђв”Ђ
[2026-05-16T17:16:36Z]   real-error blocker at step 3/4 Loading source (parse + compile): load_string status=1: print("hello"): Lua text parser not yet wired (phase-b: lua-parse::parse)
[2026-05-16T17:16:36Z]   dispatching DEBUG agent for real-error (budget $15)
